<?xml version="1.0" encoding="UTF-8"?>
<!-- Generated by org.testng.reporters.JUnitXMLReporter -->
<testsuite ignored="2" hostname="IbrarM-Dell" failures="0" tests="2" name="Function" time="0.049" errors="0" timestamp="2020-10-18T22:07:52 EDT">
  <testcase classname="pro_training.Automation.Group" name="test2" time="0.009"/>
  <testcase classname="pro_training.Automation.Group" name="test3" time="0.002"/>
  <testcase classname="pro_training.Automation.Group" name="test1" time="0.0">
    <ignored/>
  </testcase> <!-- test1 -->
  <testcase classname="pro_training.Automation.Group" name="test4" time="0.0">
    <ignored/>
  </testcase> <!-- test4 -->
</testsuite> <!-- Function -->
