<?xml version="1.0" encoding="UTF-8"?>
<!-- Generated by org.testng.reporters.JUnitXMLReporter -->
<testsuite ignored="0" hostname="IbrarM-Dell" failures="2" tests="3" name="Function6" time="27.004" errors="0" timestamp="2020-10-13T23:07:17 EDT">
  <testcase classname="pro_training.Automation.Amazon" name="ForgotPasswordPage" time="0.003">
    <failure type="java.lang.NullPointerException">
      <![CDATA[java.lang.NullPointerException
at java.base/java.util.Objects.requireNonNull(Objects.java:222)
at org.openqa.selenium.interactions.Actions.<init>(Actions.java:65)
at ClassesMethods.Home.SignInClick(Home.java:39)
at pro_training.Automation.Amazon.ForgotPasswordPage(Amazon.java:53)
at java.base/java.util.ArrayList.forEach(ArrayList.java:1511)
... Removed 27 stack frames]]>
    </failure>
  </testcase> <!-- ForgotPasswordPage -->
  <testcase classname="pro_training.Automation.Amazon" name="f" time="0.002">
    <failure type="java.lang.NullPointerException">
      <![CDATA[java.lang.NullPointerException
at org.openqa.selenium.support.pagefactory.DefaultElementLocator.findElement(DefaultElementLocator.java:69)
at org.openqa.selenium.support.pagefactory.internal.LocatingElementHandler.invoke(LocatingElementHandler.java:38)
at com.sun.proxy.$Proxy13.click(Unknown Source)
at ClassesMethods.Home.AmazonIconClick(Home.java:30)
at pro_training.Automation.Amazon.f(Amazon.java:37)
at java.base/java.util.ArrayList.forEach(ArrayList.java:1511)
... Removed 27 stack frames]]>
    </failure>
  </testcase> <!-- f -->
  <testcase classname="pro_training.Automation.Amazon_6" name="f" time="5.805"/>
</testsuite> <!-- Function6 -->
